<?xml version="1.0" encoding="UTF-8"?>
<!-- Generated by org.testng.reporters.JUnitXMLReporter -->
<testsuite ignored="0" hostname="DESKTOP-S2RPKI9" failures="0" tests="10" name="ChromeTest" time="126.843" errors="0" timestamp="2023-01-13T06:37:23 PST">
  <testcase classname="test.SignUpPage" name="emptyEmailTest" time="6.807"/>
  <testcase classname="test.SignUpPage" name="emptyNameTest" time="7.079"/>
  <testcase classname="test.SignUpPage" name="emptyPasswordTest" time="8.808"/>
  <testcase classname="test.SignUpPage" name="emptyPhoneTest" time="11.636"/>
  <testcase classname="test.SignUpPage" name="inValidPasswordTest" time="8.707"/>
  <testcase classname="test.SignUpPage" name="landingPageRedirectionTest" time="1.912"/>
  <testcase classname="test.SignUpPage" name="loginRedirectionTest" time="2.344"/>
  <testcase classname="test.SignUpPage" name="privacyPolicyRedirectionTest" time="3.813"/>
  <testcase classname="test.SignUpPage" name="termsRedirectionTest" time="5.271"/>
  <testcase classname="test.SignUpPage" name="verifyElemntsOnPageTest" time="5.362"/>
</testsuite> <!-- ChromeTest -->
