<?xml version="1.0" encoding="UTF-8"?>
<!-- Generated by org.testng.reporters.JUnitXMLReporter -->
<testsuite ignored="0" hostname="DESKTOP-S2RPKI9" failures="0" tests="10" name="EdgeTest" time="139.857" errors="0" timestamp="2023-01-13T06:39:43 PST">
  <testcase classname="test.SignUpPage" name="emptyEmailTest" time="9.945"/>
  <testcase classname="test.SignUpPage" name="emptyNameTest" time="8.111"/>
  <testcase classname="test.SignUpPage" name="emptyPasswordTest" time="12.9"/>
  <testcase classname="test.SignUpPage" name="emptyPhoneTest" time="8.656"/>
  <testcase classname="test.SignUpPage" name="inValidPasswordTest" time="10.565"/>
  <testcase classname="test.SignUpPage" name="landingPageRedirectionTest" time="1.818"/>
  <testcase classname="test.SignUpPage" name="loginRedirectionTest" time="2.87"/>
  <testcase classname="test.SignUpPage" name="privacyPolicyRedirectionTest" time="4.495"/>
  <testcase classname="test.SignUpPage" name="termsRedirectionTest" time="4.776"/>
  <testcase classname="test.SignUpPage" name="verifyElemntsOnPageTest" time="7.663"/>
</testsuite> <!-- EdgeTest -->
