<?xml version="1.0" encoding="UTF-8"?>
<testng-results ignored="0" total="20" passed="20" failed="0" skipped="0">
  <reporter-output>
  </reporter-output>
  <suite started-at="2023-01-13T03:49:00 PST" name="testSuite" finished-at="2023-01-13T03:51:50 PST" duration-ms="170072">
    <groups>
    </groups>
    <test started-at="2023-01-13T03:49:00 PST" name="ChromeTest" finished-at="2023-01-13T03:50:18 PST" duration-ms="78424">
      <class name="test.SignUpPage">
        <test-method is-config="true" signature="setUp(java.lang.String,java.lang.String)[pri:0, instance:test.SignUpPage@4f80542f]" started-at="2023-01-13T03:49:00 PST" name="setUp" finished-at="2023-01-13T03:49:09 PST" duration-ms="8461" status="PASS">
          <params>
            <param index="0">
              <value>
                <![CDATA[chrome]]>
              </value>
            </param>
            <param index="1">
              <value>
                <![CDATA[108.0]]>
              </value>
            </param>
          </params>
          <reporter-output>
          </reporter-output>
        </test-method> <!-- setUp -->
        <test-method is-config="true" signature="openBrowser()[pri:0, instance:test.SignUpPage@4f80542f]" started-at="2023-01-13T03:49:09 PST" name="openBrowser" finished-at="2023-01-13T03:49:14 PST" duration-ms="5372" status="PASS">
          <reporter-output>
          </reporter-output>
        </test-method> <!-- openBrowser -->
        <test-method signature="emptyEmailTest()[pri:0, instance:test.SignUpPage@4f80542f]" started-at="2023-01-13T03:49:14 PST" name="emptyEmailTest" finished-at="2023-01-13T03:49:19 PST" duration-ms="4921" status="PASS">
          <reporter-output>
          </reporter-output>
        </test-method> <!-- emptyEmailTest -->
        <test-method is-config="true" signature="openBrowser()[pri:0, instance:test.SignUpPage@4f80542f]" started-at="2023-01-13T03:49:19 PST" name="openBrowser" finished-at="2023-01-13T03:49:22 PST" duration-ms="2967" status="PASS">
          <reporter-output>
          </reporter-output>
        </test-method> <!-- openBrowser -->
        <test-method signature="emptyNameTest()[pri:0, instance:test.SignUpPage@4f80542f]" started-at="2023-01-13T03:49:22 PST" name="emptyNameTest" finished-at="2023-01-13T03:49:27 PST" duration-ms="4946" status="PASS">
          <reporter-output>
          </reporter-output>
        </test-method> <!-- emptyNameTest -->
        <test-method is-config="true" signature="openBrowser()[pri:0, instance:test.SignUpPage@4f80542f]" started-at="2023-01-13T03:49:27 PST" name="openBrowser" finished-at="2023-01-13T03:49:30 PST" duration-ms="2895" status="PASS">
          <reporter-output>
          </reporter-output>
        </test-method> <!-- openBrowser -->
        <test-method signature="emptyPasswordTest()[pri:0, instance:test.SignUpPage@4f80542f]" started-at="2023-01-13T03:49:30 PST" name="emptyPasswordTest" finished-at="2023-01-13T03:49:35 PST" duration-ms="4997" status="PASS">
          <reporter-output>
          </reporter-output>
        </test-method> <!-- emptyPasswordTest -->
        <test-method is-config="true" signature="openBrowser()[pri:0, instance:test.SignUpPage@4f80542f]" started-at="2023-01-13T03:49:35 PST" name="openBrowser" finished-at="2023-01-13T03:49:37 PST" duration-ms="2769" status="PASS">
          <reporter-output>
          </reporter-output>
        </test-method> <!-- openBrowser -->
        <test-method signature="emptyPhoneTest()[pri:0, instance:test.SignUpPage@4f80542f]" started-at="2023-01-13T03:49:37 PST" name="emptyPhoneTest" finished-at="2023-01-13T03:49:42 PST" duration-ms="4904" status="PASS">
          <reporter-output>
          </reporter-output>
        </test-method> <!-- emptyPhoneTest -->
        <test-method is-config="true" signature="openBrowser()[pri:0, instance:test.SignUpPage@4f80542f]" started-at="2023-01-13T03:49:42 PST" name="openBrowser" finished-at="2023-01-13T03:49:45 PST" duration-ms="2922" status="PASS">
          <reporter-output>
          </reporter-output>
        </test-method> <!-- openBrowser -->
        <test-method signature="inValidPasswordTest()[pri:0, instance:test.SignUpPage@4f80542f]" started-at="2023-01-13T03:49:45 PST" name="inValidPasswordTest" finished-at="2023-01-13T03:49:50 PST" duration-ms="4799" status="PASS">
          <reporter-output>
          </reporter-output>
        </test-method> <!-- inValidPasswordTest -->
        <test-method is-config="true" signature="openBrowser()[pri:0, instance:test.SignUpPage@4f80542f]" started-at="2023-01-13T03:49:50 PST" name="openBrowser" finished-at="2023-01-13T03:49:53 PST" duration-ms="2834" status="PASS">
          <reporter-output>
          </reporter-output>
        </test-method> <!-- openBrowser -->
        <test-method signature="landingPageRedirectionTest()[pri:0, instance:test.SignUpPage@4f80542f]" started-at="2023-01-13T03:49:53 PST" name="landingPageRedirectionTest" finished-at="2023-01-13T03:49:54 PST" duration-ms="1197" status="PASS">
          <reporter-output>
          </reporter-output>
        </test-method> <!-- landingPageRedirectionTest -->
        <test-method is-config="true" signature="openBrowser()[pri:0, instance:test.SignUpPage@4f80542f]" started-at="2023-01-13T03:49:54 PST" name="openBrowser" finished-at="2023-01-13T03:49:57 PST" duration-ms="2910" status="PASS">
          <reporter-output>
          </reporter-output>
        </test-method> <!-- openBrowser -->
        <test-method signature="loginRedirectionTest()[pri:0, instance:test.SignUpPage@4f80542f]" started-at="2023-01-13T03:49:57 PST" name="loginRedirectionTest" finished-at="2023-01-13T03:49:59 PST" duration-ms="1450" status="PASS">
          <reporter-output>
          </reporter-output>
        </test-method> <!-- loginRedirectionTest -->
        <test-method is-config="true" signature="openBrowser()[pri:0, instance:test.SignUpPage@4f80542f]" started-at="2023-01-13T03:49:59 PST" name="openBrowser" finished-at="2023-01-13T03:50:01 PST" duration-ms="2964" status="PASS">
          <reporter-output>
          </reporter-output>
        </test-method> <!-- openBrowser -->
        <test-method signature="privacyPolicyRedirectionTest()[pri:0, instance:test.SignUpPage@4f80542f]" started-at="2023-01-13T03:50:01 PST" name="privacyPolicyRedirectionTest" finished-at="2023-01-13T03:50:04 PST" duration-ms="2572" status="PASS">
          <reporter-output>
          </reporter-output>
        </test-method> <!-- privacyPolicyRedirectionTest -->
        <test-method is-config="true" signature="openBrowser()[pri:0, instance:test.SignUpPage@4f80542f]" started-at="2023-01-13T03:50:04 PST" name="openBrowser" finished-at="2023-01-13T03:50:07 PST" duration-ms="2973" status="PASS">
          <reporter-output>
          </reporter-output>
        </test-method> <!-- openBrowser -->
        <test-method signature="termsRedirectionTest()[pri:0, instance:test.SignUpPage@4f80542f]" started-at="2023-01-13T03:50:07 PST" name="termsRedirectionTest" finished-at="2023-01-13T03:50:10 PST" duration-ms="2885" status="PASS">
          <reporter-output>
          </reporter-output>
        </test-method> <!-- termsRedirectionTest -->
        <test-method is-config="true" signature="openBrowser()[pri:0, instance:test.SignUpPage@4f80542f]" started-at="2023-01-13T03:50:10 PST" name="openBrowser" finished-at="2023-01-13T03:50:13 PST" duration-ms="2941" status="PASS">
          <reporter-output>
          </reporter-output>
        </test-method> <!-- openBrowser -->
        <test-method signature="verifyElemntsOnPageTest()[pri:0, instance:test.SignUpPage@4f80542f]" started-at="2023-01-13T03:50:13 PST" name="verifyElemntsOnPageTest" finished-at="2023-01-13T03:50:17 PST" duration-ms="3753" status="PASS">
          <reporter-output>
          </reporter-output>
        </test-method> <!-- verifyElemntsOnPageTest -->
        <test-method is-config="true" signature="tearDown()[pri:0, instance:test.SignUpPage@4f80542f]" started-at="2023-01-13T03:50:17 PST" name="tearDown" finished-at="2023-01-13T03:50:18 PST" duration-ms="1862" status="PASS">
          <reporter-output>
          </reporter-output>
        </test-method> <!-- tearDown -->
      </class> <!-- test.SignUpPage -->
    </test> <!-- ChromeTest -->
    <test started-at="2023-01-13T03:50:19 PST" name="EdgeTest" finished-at="2023-01-13T03:51:50 PST" duration-ms="91373">
      <class name="test.SignUpPage">
        <test-method is-config="true" signature="setUp(java.lang.String,java.lang.String)[pri:0, instance:test.SignUpPage@76a4ebf2]" started-at="2023-01-13T03:50:19 PST" name="setUp" finished-at="2023-01-13T03:50:27 PST" duration-ms="8116" status="PASS">
          <params>
            <param index="0">
              <value>
                <![CDATA[edge]]>
              </value>
            </param>
            <param index="1">
              <value>
                <![CDATA[108.0]]>
              </value>
            </param>
          </params>
          <reporter-output>
          </reporter-output>
        </test-method> <!-- setUp -->
        <test-method is-config="true" signature="openBrowser()[pri:0, instance:test.SignUpPage@76a4ebf2]" started-at="2023-01-13T03:50:27 PST" name="openBrowser" finished-at="2023-01-13T03:50:35 PST" duration-ms="7764" status="PASS">
          <reporter-output>
          </reporter-output>
        </test-method> <!-- openBrowser -->
        <test-method signature="emptyEmailTest()[pri:0, instance:test.SignUpPage@76a4ebf2]" started-at="2023-01-13T03:50:35 PST" name="emptyEmailTest" finished-at="2023-01-13T03:50:40 PST" duration-ms="5352" status="PASS">
          <reporter-output>
          </reporter-output>
        </test-method> <!-- emptyEmailTest -->
        <test-method is-config="true" signature="openBrowser()[pri:0, instance:test.SignUpPage@76a4ebf2]" started-at="2023-01-13T03:50:40 PST" name="openBrowser" finished-at="2023-01-13T03:50:44 PST" duration-ms="3675" status="PASS">
          <reporter-output>
          </reporter-output>
        </test-method> <!-- openBrowser -->
        <test-method signature="emptyNameTest()[pri:0, instance:test.SignUpPage@76a4ebf2]" started-at="2023-01-13T03:50:44 PST" name="emptyNameTest" finished-at="2023-01-13T03:50:49 PST" duration-ms="5565" status="PASS">
          <reporter-output>
          </reporter-output>
        </test-method> <!-- emptyNameTest -->
        <test-method is-config="true" signature="openBrowser()[pri:0, instance:test.SignUpPage@76a4ebf2]" started-at="2023-01-13T03:50:49 PST" name="openBrowser" finished-at="2023-01-13T03:50:53 PST" duration-ms="3908" status="PASS">
          <reporter-output>
          </reporter-output>
        </test-method> <!-- openBrowser -->
        <test-method signature="emptyPasswordTest()[pri:0, instance:test.SignUpPage@76a4ebf2]" started-at="2023-01-13T03:50:53 PST" name="emptyPasswordTest" finished-at="2023-01-13T03:50:59 PST" duration-ms="5714" status="PASS">
          <reporter-output>
          </reporter-output>
        </test-method> <!-- emptyPasswordTest -->
        <test-method is-config="true" signature="openBrowser()[pri:0, instance:test.SignUpPage@76a4ebf2]" started-at="2023-01-13T03:50:59 PST" name="openBrowser" finished-at="2023-01-13T03:51:03 PST" duration-ms="3851" status="PASS">
          <reporter-output>
          </reporter-output>
        </test-method> <!-- openBrowser -->
        <test-method signature="emptyPhoneTest()[pri:0, instance:test.SignUpPage@76a4ebf2]" started-at="2023-01-13T03:51:03 PST" name="emptyPhoneTest" finished-at="2023-01-13T03:51:08 PST" duration-ms="5324" status="PASS">
          <reporter-output>
          </reporter-output>
        </test-method> <!-- emptyPhoneTest -->
        <test-method is-config="true" signature="openBrowser()[pri:0, instance:test.SignUpPage@76a4ebf2]" started-at="2023-01-13T03:51:08 PST" name="openBrowser" finished-at="2023-01-13T03:51:12 PST" duration-ms="3579" status="PASS">
          <reporter-output>
          </reporter-output>
        </test-method> <!-- openBrowser -->
        <test-method signature="inValidPasswordTest()[pri:0, instance:test.SignUpPage@76a4ebf2]" started-at="2023-01-13T03:51:12 PST" name="inValidPasswordTest" finished-at="2023-01-13T03:51:17 PST" duration-ms="5580" status="PASS">
          <reporter-output>
          </reporter-output>
        </test-method> <!-- inValidPasswordTest -->
        <test-method is-config="true" signature="openBrowser()[pri:0, instance:test.SignUpPage@76a4ebf2]" started-at="2023-01-13T03:51:17 PST" name="openBrowser" finished-at="2023-01-13T03:51:21 PST" duration-ms="3920" status="PASS">
          <reporter-output>
          </reporter-output>
        </test-method> <!-- openBrowser -->
        <test-method signature="landingPageRedirectionTest()[pri:0, instance:test.SignUpPage@76a4ebf2]" started-at="2023-01-13T03:51:21 PST" name="landingPageRedirectionTest" finished-at="2023-01-13T03:51:22 PST" duration-ms="1146" status="PASS">
          <reporter-output>
          </reporter-output>
        </test-method> <!-- landingPageRedirectionTest -->
        <test-method is-config="true" signature="openBrowser()[pri:0, instance:test.SignUpPage@76a4ebf2]" started-at="2023-01-13T03:51:22 PST" name="openBrowser" finished-at="2023-01-13T03:51:26 PST" duration-ms="3597" status="PASS">
          <reporter-output>
          </reporter-output>
        </test-method> <!-- openBrowser -->
        <test-method signature="loginRedirectionTest()[pri:0, instance:test.SignUpPage@76a4ebf2]" started-at="2023-01-13T03:51:26 PST" name="loginRedirectionTest" finished-at="2023-01-13T03:51:27 PST" duration-ms="1511" status="PASS">
          <reporter-output>
          </reporter-output>
        </test-method> <!-- loginRedirectionTest -->
        <test-method is-config="true" signature="openBrowser()[pri:0, instance:test.SignUpPage@76a4ebf2]" started-at="2023-01-13T03:51:27 PST" name="openBrowser" finished-at="2023-01-13T03:51:31 PST" duration-ms="3800" status="PASS">
          <reporter-output>
          </reporter-output>
        </test-method> <!-- openBrowser -->
        <test-method signature="privacyPolicyRedirectionTest()[pri:0, instance:test.SignUpPage@76a4ebf2]" started-at="2023-01-13T03:51:31 PST" name="privacyPolicyRedirectionTest" finished-at="2023-01-13T03:51:34 PST" duration-ms="2838" status="PASS">
          <reporter-output>
          </reporter-output>
        </test-method> <!-- privacyPolicyRedirectionTest -->
        <test-method is-config="true" signature="openBrowser()[pri:0, instance:test.SignUpPage@76a4ebf2]" started-at="2023-01-13T03:51:34 PST" name="openBrowser" finished-at="2023-01-13T03:51:38 PST" duration-ms="3713" status="PASS">
          <reporter-output>
          </reporter-output>
        </test-method> <!-- openBrowser -->
        <test-method signature="termsRedirectionTest()[pri:0, instance:test.SignUpPage@76a4ebf2]" started-at="2023-01-13T03:51:38 PST" name="termsRedirectionTest" finished-at="2023-01-13T03:51:41 PST" duration-ms="3156" status="PASS">
          <reporter-output>
          </reporter-output>
        </test-method> <!-- termsRedirectionTest -->
        <test-method is-config="true" signature="openBrowser()[pri:0, instance:test.SignUpPage@76a4ebf2]" started-at="2023-01-13T03:51:41 PST" name="openBrowser" finished-at="2023-01-13T03:51:44 PST" duration-ms="3473" status="PASS">
          <reporter-output>
          </reporter-output>
        </test-method> <!-- openBrowser -->
        <test-method signature="verifyElemntsOnPageTest()[pri:0, instance:test.SignUpPage@76a4ebf2]" started-at="2023-01-13T03:51:44 PST" name="verifyElemntsOnPageTest" finished-at="2023-01-13T03:51:48 PST" duration-ms="3788" status="PASS">
          <reporter-output>
          </reporter-output>
        </test-method> <!-- verifyElemntsOnPageTest -->
        <test-method is-config="true" signature="tearDown()[pri:0, instance:test.SignUpPage@76a4ebf2]" started-at="2023-01-13T03:51:48 PST" name="tearDown" finished-at="2023-01-13T03:51:50 PST" duration-ms="1931" status="PASS">
          <reporter-output>
          </reporter-output>
        </test-method> <!-- tearDown -->
      </class> <!-- test.SignUpPage -->
    </test> <!-- EdgeTest -->
  </suite> <!-- testSuite -->
</testng-results>
