<?xml version="1.0" encoding="UTF-8"?>
<!-- Generated by org.testng.reporters.JUnitXMLReporter -->
<testsuite ignored="0" hostname="DESKTOP-S2RPKI9" failures="0" tests="10" name="ChromeTest" time="78.424" errors="0" timestamp="2023-01-13T03:50:19 PST">
  <testcase classname="test.SignUpPage" name="emptyEmailTest" time="4.921"/>
  <testcase classname="test.SignUpPage" name="emptyNameTest" time="4.946"/>
  <testcase classname="test.SignUpPage" name="emptyPasswordTest" time="4.997"/>
  <testcase classname="test.SignUpPage" name="emptyPhoneTest" time="4.904"/>
  <testcase classname="test.SignUpPage" name="inValidPasswordTest" time="4.799"/>
  <testcase classname="test.SignUpPage" name="landingPageRedirectionTest" time="1.197"/>
  <testcase classname="test.SignUpPage" name="loginRedirectionTest" time="1.45"/>
  <testcase classname="test.SignUpPage" name="privacyPolicyRedirectionTest" time="2.572"/>
  <testcase classname="test.SignUpPage" name="termsRedirectionTest" time="2.885"/>
  <testcase classname="test.SignUpPage" name="verifyElemntsOnPageTest" time="3.753"/>
</testsuite> <!-- ChromeTest -->
