<?xml version="1.0" encoding="UTF-8"?>
<!-- Generated by org.testng.reporters.JUnitXMLReporter -->
<testsuite ignored="0" hostname="DESKTOP-S2RPKI9" failures="0" tests="10" name="EdgeTest" time="91.373" errors="0" timestamp="2023-01-13T03:51:50 PST">
  <testcase classname="test.SignUpPage" name="emptyEmailTest" time="5.352"/>
  <testcase classname="test.SignUpPage" name="emptyNameTest" time="5.565"/>
  <testcase classname="test.SignUpPage" name="emptyPasswordTest" time="5.714"/>
  <testcase classname="test.SignUpPage" name="emptyPhoneTest" time="5.324"/>
  <testcase classname="test.SignUpPage" name="inValidPasswordTest" time="5.58"/>
  <testcase classname="test.SignUpPage" name="landingPageRedirectionTest" time="1.146"/>
  <testcase classname="test.SignUpPage" name="loginRedirectionTest" time="1.511"/>
  <testcase classname="test.SignUpPage" name="privacyPolicyRedirectionTest" time="2.838"/>
  <testcase classname="test.SignUpPage" name="termsRedirectionTest" time="3.156"/>
  <testcase classname="test.SignUpPage" name="verifyElemntsOnPageTest" time="3.788"/>
</testsuite> <!-- EdgeTest -->
